<?xml version="1.0" encoding="UTF-8"?>
<!-- Generated by org.testng.reporters.JUnitReportReporter -->
<testsuite skipped="0" hostname="DESKTOP-72L85CQ" name="com.training.regression.tests.LoginDBTest" tests="5" failures="0" timestamp="28 Jan 2019 07:10:36 GMT" time="96.389" errors="0">
  <testcase name="loginDBTest" time="22.068" classname="com.training.regression.tests.LoginDBTest"/>
  <testcase name="loginDBTest" time="18.143" classname="com.training.regression.tests.LoginDBTest"/>
  <testcase name="loginDBTest" time="18.080" classname="com.training.regression.tests.LoginDBTest"/>
  <testcase name="loginDBTest" time="18.038" classname="com.training.regression.tests.LoginDBTest"/>
  <testcase name="loginDBTest" time="20.060" classname="com.training.regression.tests.LoginDBTest"/>
</testsuite> <!-- com.training.regression.tests.LoginDBTest -->
