<?xml version="1.0" encoding="UTF-8"?>
<!-- Generated by org.testng.reporters.JUnitReportReporter -->
<testsuite skipped="0" hostname="DESKTOP-72L85CQ" name="com.training.regression.tests.CategoryexcelTest" tests="2" failures="0" timestamp="06 Feb 2019 05:13:34 GMT" time="72.260" errors="0">
  <testcase name="loginDBTest" time="39.091" classname="com.training.regression.tests.CategoryexcelTest"/>
  <testcase name="loginDBTest" time="33.169" classname="com.training.regression.tests.CategoryexcelTest"/>
</testsuite> <!-- com.training.regression.tests.CategoryexcelTest -->
