<?xml version="1.0" encoding="UTF-8"?>
<!-- Generated by org.testng.reporters.JUnitReportReporter -->
<testsuite skipped="0" hostname="DESKTOP-72L85CQ" name="com.training.regression.tests.RegisterexcelTest" tests="4" failures="0" timestamp="05 Feb 2019 19:47:37 GMT" time="145.031" errors="0">
  <testcase name="loginDBTest" time="36.526" classname="com.training.regression.tests.RegisterexcelTest"/>
  <testcase name="loginDBTest" time="37.616" classname="com.training.regression.tests.RegisterexcelTest"/>
  <testcase name="loginDBTest" time="37.332" classname="com.training.regression.tests.RegisterexcelTest"/>
  <testcase name="loginDBTest" time="33.557" classname="com.training.regression.tests.RegisterexcelTest"/>
</testsuite> <!-- com.training.regression.tests.RegisterexcelTest -->
