<?xml version="1.0" encoding="UTF-8"?>
<!-- Generated by org.testng.reporters.JUnitReportReporter -->
<testsuite skipped="0" hostname="DESKTOP-72L85CQ" name="com.training.regression.tests.ProductexcelTest" tests="1" failures="0" timestamp="06 Feb 2019 05:57:34 GMT" time="112.708" errors="0">
  <testcase name="loginDBTest" time="112.708" classname="com.training.regression.tests.ProductexcelTest"/>
</testsuite> <!-- com.training.regression.tests.ProductexcelTest -->
