<?xml version="1.0" encoding="UTF-8"?>
<!-- Generated by org.testng.reporters.JUnitReportReporter -->
<testsuite skipped="0" hostname="DESKTOP-72L85CQ" name="com.training.sanity.tests.PreloginorderguestTests" tests="1" failures="0" timestamp="26 Jan 2019 08:59:11 GMT" time="103.166" errors="0">
  <testcase name="validLoginTest" time="103.166" classname="com.training.sanity.tests.PreloginorderguestTests"/>
</testsuite> <!-- com.training.sanity.tests.PreloginorderguestTests -->
