<?xml version="1.0" encoding="UTF-8"?>
<!-- Generated by org.testng.reporters.JUnitReportReporter -->
<testsuite skipped="0" hostname="DESKTOP-72L85CQ" name="com.training.sanity.tests.ProductTests" tests="1" failures="0" timestamp="29 Jan 2019 07:29:09 GMT" time="67.031" errors="0">
  <testcase name="validLoginTest" time="67.031" classname="com.training.sanity.tests.ProductTests"/>
</testsuite> <!-- com.training.sanity.tests.ProductTests -->
