<?xml version="1.0" encoding="UTF-8"?>
<!-- Generated by org.testng.reporters.JUnitReportReporter -->
<testsuite skipped="0" hostname="DESKTOP-72L85CQ" name="com.training.sanity.tests.PreloginorderTests" tests="1" failures="0" timestamp="29 Jan 2019 04:21:19 GMT" time="106.382" errors="0">
  <testcase name="validLoginTest" time="106.382" classname="com.training.sanity.tests.PreloginorderTests"/>
</testsuite> <!-- com.training.sanity.tests.PreloginorderTests -->
