<?xml version="1.0" encoding="UTF-8"?>
<!-- Generated by org.testng.reporters.JUnitReportReporter -->
<testsuite skipped="0" hostname="DESKTOP-72L85CQ" name="com.training.sanity.tests.PreloginTests" tests="1" failures="0" timestamp="25 Jan 2019 19:02:54 GMT" time="118.232" errors="0">
  <testcase name="validLoginTest" time="118.232" classname="com.training.sanity.tests.PreloginTests"/>
</testsuite> <!-- com.training.sanity.tests.PreloginTests -->
